{"timestamp": "2026-03-18T02:16:22.916428+00:00", "action": "buy", "symbol": "UNI/ETH", "entry_price": 0.00171485, "exit_target": 0.00173228, "stop_loss": 0.00167705, "confidence": 80, "rr_ratio": 2.067, "signals": ["Below VWAP", "7D dip"], "tx_hash": "PAPER", "mode": "PAPER"}
{"timestamp": "2026-03-18T02:16:22.916428+00:00", "action": "buy", "symbol": "AMP/ETH", "entry_price": 6e-07, "exit_target": 6.1e-07, "stop_loss": 5.8e-07, "confidence": 80, "rr_ratio": 2.234, "signals": ["Below VWAP", "7D dip"], "tx_hash": "PAPER", "mode": "PAPER"}
{"timestamp": "2026-03-18T08:04:00.344816+00:00", "action": "buy", "symbol": "ARB/ETH", "entry_price": 4.645e-05, "exit_target": 4.724e-05, "stop_loss": 4.582e-05, "confidence": 90, "rr_ratio": 1.632, "signals": ["Near BB lower", "Below VWAP"], "tx_hash": "PAPER", "mode": "PAPER"}
{"timestamp": "2026-03-18T15:56:00.306246+00:00", "action": "exit", "symbol": "AMP/ETH", "reason": "price 0.000001 >= exit 0.000001 (+1.7%)", "entry_price": 6e-07, "close_price": 6.1e-07, "pnl_pct": 1.67, "tx_hash": "PAPER", "mode": "PAPER"}
{"timestamp": "2026-03-18T18:39:57.907936+00:00", "action": "stop", "symbol": "UNI/ETH", "reason": "price 0.001669 <= stop 0.001677 (-2.7%)", "entry_price": 0.00171485, "close_price": 0.00166854, "pnl_pct": -2.7, "tx_hash": "PAPER", "mode": "PAPER"}
{"timestamp": "2026-03-18T20:59:51.024743+00:00", "action": "buy", "symbol": "UNI/ETH", "entry_price": "0.001680", "exit_target": "0.001721", "stop_loss": "0.001664", "confidence": 90, "rr_ratio": 1.99, "signals": ["Below VWAP", "7D dip"], "tx_hash": "PAPER", "mode": "PAPER"}
{"timestamp": "2026-03-18T23:55:32.193672+00:00", "action": "buy", "symbol": "LINK/ETH", "entry_price": "0.004184", "exit_target": "0.004247", "stop_loss": "0.004153", "confidence": 90, "rr_ratio": 1.551, "signals": ["Near BB lower", "Below VWAP"], "tx_hash": "PAPER", "mode": "PAPER"}
{"timestamp": "2026-03-19T18:00:30.091324+00:00", "action": "buy", "symbol": "ETH/USDC", "entry_price": "2124.724484", "exit_target": "2211.701438", "stop_loss": "2123.187334", "confidence": 100, "rr_ratio": 2.673, "signals": ["RSI oversold", "Near BB lower", "Below VWAP"], "tx_hash": "PAPER", "mode": "PAPER"}
{"timestamp": "2026-03-19T23:01:09.540878+00:00", "action": "buy", "symbol": "AAVE/ETH", "entry_price": "0.052198", "exit_target": "0.052951", "stop_loss": "0.051925", "confidence": 80, "rr_ratio": 1.712, "signals": ["Near BB lower", "Below VWAP"], "tx_hash": "PAPER", "mode": "PAPER"}
{"timestamp": "2026-03-21T13:54:24.448264+00:00", "action": "buy", "symbol": "POL/ETH", "entry_price": "0.0000447", "exit_target": "0.0000467", "stop_loss": "0.0000448", "confidence": 90, "rr_ratio": 2.628, "signals": ["Near BB lower", "Below VWAP"], "tx_hash": "PAPER", "mode": "PAPER"}
{"timestamp": "2026-05-17T23:45:13.946685+00:00", "action": "exit", "symbol": "ARB/ETH", "reason": "price 0.0000546 >= exit 0.0000472 (+17.5%)", "entry_price": "4.645e-05", "close_price": "0.0000546", "pnl_pct": 17.55, "tx_hash": "PAPER", "mode": "PAPER"}
{"timestamp": "2026-05-17T23:45:13.946685+00:00", "action": "stop", "symbol": "UNI/ETH", "reason": "price 0.001620 <= stop 0.001664 (-3.6%)", "entry_price": "0.001680", "close_price": "0.001620", "pnl_pct": -3.57, "tx_hash": "PAPER", "mode": "PAPER"}
{"timestamp": "2026-05-17T23:45:13.946685+00:00", "action": "exit", "symbol": "LINK/ETH", "reason": "price 0.004463 >= exit 0.004247 (+6.7%)", "entry_price": "0.004184", "close_price": "0.004463", "pnl_pct": 6.67, "tx_hash": "PAPER", "mode": "PAPER"}
{"timestamp": "2026-05-17T23:45:13.946685+00:00", "action": "stop", "symbol": "AAVE/ETH", "reason": "price 0.041620 <= stop 0.051925 (-20.3%)", "entry_price": "0.052198", "close_price": "0.041620", "pnl_pct": -20.27, "tx_hash": "PAPER", "mode": "PAPER"}
{"timestamp": "2026-05-17T23:45:13.946685+00:00", "action": "stop", "symbol": "POL/ETH", "reason": "price 0.0000421 <= stop 0.0000448 (-5.8%)", "entry_price": "0.0000447", "close_price": "0.0000421", "pnl_pct": -5.82, "tx_hash": "PAPER", "mode": "PAPER"}
{"timestamp": "2026-05-17T23:45:13.946685+00:00", "action": "buy", "symbol": "ARB/ETH", "entry_price": "0.0000546", "exit_target": "0.0000559", "stop_loss": "0.0000538", "confidence": 90, "rr_ratio": 3.006, "signals": ["Below VWAP", "7D dip"], "tx_hash": "PAPER", "mode": "PAPER"}
{"timestamp": "2026-05-17T23:45:13.946685+00:00", "action": "buy", "symbol": "LDO/ETH", "entry_price": "0.000162", "exit_target": "0.000164", "stop_loss": "0.000161", "confidence": 90, "rr_ratio": 1.627, "signals": ["Near BB lower", "Below VWAP"], "tx_hash": "PAPER", "mode": "PAPER"}
{"timestamp": "2026-05-18T01:58:53.773545+00:00", "action": "stop", "symbol": "ETH/USDC", "reason": "price 2114.974660 <= stop 2123.187334 (-0.5%)", "entry_price": "2124.724484", "close_price": "2114.974660", "pnl_pct": -0.46, "tx_hash": "PAPER", "mode": "PAPER"}
{"timestamp": "2026-05-18T01:58:53.773545+00:00", "action": "exit", "symbol": "LDO/ETH", "reason": "price 0.000165 >= exit 0.000164 (+1.9%)", "entry_price": "0.000162", "close_price": "0.000165", "pnl_pct": 1.85, "tx_hash": "PAPER", "mode": "PAPER"}
{"timestamp": "2026-05-18T01:58:53.773545+00:00", "action": "buy", "symbol": "ETH/USDC", "entry_price": "2114.974660", "exit_target": "2206.283611", "stop_loss": "2118.060975", "confidence": 100, "rr_ratio": 7.318, "signals": ["RSI oversold", "Near BB lower", "Below VWAP", "7D dip"], "tx_hash": "PAPER", "mode": "PAPER"}
